<?xml version="1.0" encoding="UTF-8"?>
<testsuite name="FlattenerTest" tests="6" skipped="0" failures="0" errors="0" timestamp="2021-12-16T20:35:04" hostname="macbook-air-de-michael.home" time="0.005">
  <properties/>
  <testcase name="testSixLevelsOfNestingWithNulls" classname="FlattenerTest" time="0.004"/>
  <testcase name="testASingleLevelOfNestingWithNoNulls" classname="FlattenerTest" time="0.0"/>
  <testcase name="testFlatListIsPreserved" classname="FlattenerTest" time="0.0"/>
  <testcase name="testFiveLevelsOfNestingWithNoNulls" classname="FlattenerTest" time="0.0"/>
  <testcase name="testNestedListsFullOfNullsOnly" classname="FlattenerTest" time="0.0"/>
  <testcase name="testSixLevelsOfNestingWithNoNulls" classname="FlattenerTest" time="0.0"/>
  <system-out><![CDATA[]]></system-out>
  <system-err><![CDATA[]]></system-err>
</testsuite>
